<?xml version="1.0" encoding="UTF-8"?>
<!-- Generated by org.testng.reporters.JUnitXMLReporter -->
<testsuite ignored="1" hostname="Ravi" failures="1" tests="10" name="Test" time="0.175" errors="0" timestamp="2024-01-04T23:08:14 IST">
  <testcase classname="TestngDemo.Demo1" name="Carloan" time="0.01"/>
  <testcase classname="TestngDemo.Demo1" name="Carloanregister" time="0.003"/>
  <testcase classname="TestngDemo.Demo1" name="Homeloan" time="0.003"/>
  <testcase classname="TestngDemo.Demo1" name="Homeloanregister" time="0.004"/>
  <testcase classname="TestngDemo.Demo2" name="mobileloanregister" time="0.002"/>
  <testcase classname="TestngDemo.Demo3" name="Homeloanlogin" time="0.001"/>
  <testcase classname="TestngDemo.Demo3" name="Homeloanlogin" time="0.002"/>
  <testcase classname="TestngDemo.Demo3" name="carloanlogin" time="0.003"/>
  <testcase classname="TestngDemo.Demo4" name="weblogin" time="0.0">
    <failure type="org.testng.TestNGException" message="
Parameter &amp;apos;URL&amp;apos; is required by @Test on method weblogin but has not been marked @Optional or defined
in C:\Users\ravib\eclipse-workspace\Testngdemo1\testng.xml">
      <![CDATA[org.testng.TestNGException: 
Parameter 'URL' is required by @Test on method weblogin but has not been marked @Optional or defined
in C:\Users\ravib\eclipse-workspace\Testngdemo1\testng.xml
at java.base/java.util.ArrayList.forEach(ArrayList.java:1511)
... Removed 26 stack frames]]>
    </failure>
  </testcase> <!-- weblogin -->
  <testcase classname="TestngDemo.Demo4" name="mobileloanlogin" time="0.0">
    <skipped/>
  </testcase> <!-- mobileloanlogin -->
  <testcase classname="TestngDemo.Demo2" name="mobileloan" time="0.0">
    <ignored/>
  </testcase> <!-- mobileloan -->
</testsuite> <!-- Test -->
